<?xml version="1.0" encoding="UTF-8"?>
<coverage generated="1776767201361" clover="3.2.0">
  <project timestamp="1776767201361" name="All files">
    <metrics statements="78" coveredstatements="69" conditionals="42" coveredconditionals="38" methods="13" coveredmethods="10" elements="133" coveredelements="117" complexity="0" loc="78" ncloc="78" packages="1" files="3" classes="3"/>
    <file name="productRoutes.js" path="C:\Users\Laptop\product-search\src\productRoutes.js">
      <metrics statements="32" coveredstatements="29" conditionals="17" coveredconditionals="15" methods="3" coveredmethods="3"/>
      <line num="3" count="1" type="stmt"/>
      <line num="4" count="1" type="stmt"/>
      <line num="6" count="1" type="stmt"/>
      <line num="9" count="1" type="stmt"/>
      <line num="10" count="1" type="stmt"/>
      <line num="11" count="1" type="stmt"/>
      <line num="12" count="1" type="stmt"/>
      <line num="14" count="0" type="stmt"/>
      <line num="19" count="1" type="stmt"/>
      <line num="20" count="4" type="stmt"/>
      <line num="22" count="4" type="cond" truecount="4" falsecount="0"/>
      <line num="23" count="1" type="stmt"/>
      <line num="29" count="3" type="stmt"/>
      <line num="30" count="3" type="stmt"/>
      <line num="32" count="3" type="cond" truecount="2" falsecount="0"/>
      <line num="33" count="1" type="stmt"/>
      <line num="39" count="2" type="stmt"/>
      <line num="41" count="0" type="stmt"/>
      <line num="46" count="1" type="stmt"/>
      <line num="47" count="3" type="stmt"/>
      <line num="49" count="3" type="cond" truecount="5" falsecount="0"/>
      <line num="50" count="1" type="stmt"/>
      <line num="56" count="2" type="stmt"/>
      <line num="57" count="2" type="stmt"/>
      <line num="59" count="2" type="cond" truecount="3" falsecount="1"/>
      <line num="60" count="0" type="stmt"/>
      <line num="66" count="2" type="stmt"/>
      <line num="67" count="2" type="stmt"/>
      <line num="68" count="1" type="stmt"/>
      <line num="70" count="1" type="cond" truecount="1" falsecount="1"/>
      <line num="71" count="1" type="stmt"/>
      <line num="75" count="1" type="stmt"/>
    </file>
    <file name="productService.js" path="C:\Users\Laptop\product-search\src\productService.js">
      <metrics statements="27" coveredstatements="26" conditionals="21" coveredconditionals="20" methods="7" coveredmethods="7"/>
      <line num="3" count="2" type="stmt"/>
      <line num="4" count="2" type="stmt"/>
      <line num="7" count="2" type="stmt"/>
      <line num="11" count="15" type="stmt"/>
      <line num="12" count="15" type="stmt"/>
      <line num="17" count="3" type="stmt"/>
      <line num="22" count="2" type="stmt"/>
      <line num="27" count="9" type="cond" truecount="4" falsecount="0"/>
      <line num="28" count="8" type="stmt"/>
      <line num="29" count="8" type="stmt"/>
      <line num="30" count="21" type="cond" truecount="2" falsecount="0"/>
      <line num="35" count="7" type="cond" truecount="4" falsecount="0"/>
      <line num="36" count="1" type="stmt"/>
      <line num="38" count="6" type="cond" truecount="5" falsecount="0"/>
      <line num="39" count="1" type="stmt"/>
      <line num="41" count="5" type="cond" truecount="3" falsecount="1"/>
      <line num="42" count="0" type="stmt"/>
      <line num="45" count="5" type="stmt"/>
      <line num="46" count="5" type="stmt"/>
      <line num="47" count="17" type="stmt"/>
      <line num="49" count="5" type="cond" truecount="2" falsecount="0"/>
      <line num="50" count="2" type="stmt"/>
      <line num="53" count="3" type="stmt"/>
      <line num="59" count="3" type="stmt"/>
      <line num="60" count="3" type="stmt"/>
      <line num="61" count="3" type="stmt"/>
      <line num="64" count="2" type="stmt"/>
    </file>
    <file name="server.js" path="C:\Users\Laptop\product-search\src\server.js">
      <metrics statements="19" coveredstatements="14" conditionals="4" coveredconditionals="3" methods="3" coveredmethods="0"/>
      <line num="3" count="1" type="stmt"/>
      <line num="4" count="1" type="stmt"/>
      <line num="5" count="1" type="stmt"/>
      <line num="7" count="1" type="stmt"/>
      <line num="9" count="1" type="stmt"/>
      <line num="10" count="1" type="cond" truecount="2" falsecount="0"/>
      <line num="13" count="1" type="stmt"/>
      <line num="16" count="1" type="stmt"/>
      <line num="19" count="1" type="stmt"/>
      <line num="22" count="1" type="stmt"/>
      <line num="25" count="1" type="stmt"/>
      <line num="26" count="0" type="stmt"/>
      <line num="30" count="1" type="stmt"/>
      <line num="31" count="0" type="stmt"/>
      <line num="32" count="0" type="stmt"/>
      <line num="36" count="1" type="cond" truecount="1" falsecount="1"/>
      <line num="37" count="0" type="stmt"/>
      <line num="38" count="0" type="stmt"/>
      <line num="42" count="1" type="stmt"/>
    </file>
  </project>
</coverage>
