{"C:\\Users\\Laptop\\product-search\\src\\productRoutes.js": {"path":"C:\\Users\\Laptop\\product-search\\src\\productRoutes.js","statementMap":{"0":{"start":{"line":3,"column":23},"end":{"line":3,"column":41}},"1":{"start":{"line":4,"column":23},"end":{"line":4,"column":50}},"2":{"start":{"line":6,"column":15},"end":{"line":6,"column":31}},"3":{"start":{"line":9,"column":0},"end":{"line":16,"column":3}},"4":{"start":{"line":10,"column":2},"end":{"line":15,"column":3}},"5":{"start":{"line":11,"column":21},"end":{"line":11,"column":52}},"6":{"start":{"line":12,"column":4},"end":{"line":12,"column":48}},"7":{"start":{"line":14,"column":4},"end":{"line":14,"column":67}},"8":{"start":{"line":19,"column":0},"end":{"line":43,"column":3}},"9":{"start":{"line":20,"column":19},"end":{"line":20,"column":28}},"10":{"start":{"line":22,"column":2},"end":{"line":27,"column":3}},"11":{"start":{"line":23,"column":4},"end":{"line":26,"column":7}},"12":{"start":{"line":29,"column":2},"end":{"line":42,"column":3}},"13":{"start":{"line":30,"column":20},"end":{"line":30,"column":58}},"14":{"start":{"line":32,"column":4},"end":{"line":37,"column":5}},"15":{"start":{"line":33,"column":6},"end":{"line":36,"column":9}},"16":{"start":{"line":39,"column":4},"end":{"line":39,"column":47}},"17":{"start":{"line":41,"column":4},"end":{"line":41,"column":67}},"18":{"start":{"line":46,"column":0},"end":{"line":73,"column":3}},"19":{"start":{"line":47,"column":36},"end":{"line":47,"column":44}},"20":{"start":{"line":49,"column":2},"end":{"line":54,"column":3}},"21":{"start":{"line":50,"column":4},"end":{"line":53,"column":7}},"22":{"start":{"line":56,"column":25},"end":{"line":56,"column":42}},"23":{"start":{"line":57,"column":25},"end":{"line":57,"column":47}},"24":{"start":{"line":59,"column":2},"end":{"line":64,"column":3}},"25":{"start":{"line":60,"column":4},"end":{"line":63,"column":7}},"26":{"start":{"line":66,"column":2},"end":{"line":72,"column":3}},"27":{"start":{"line":67,"column":23},"end":{"line":67,"column":83}},"28":{"start":{"line":68,"column":4},"end":{"line":68,"column":62}},"29":{"start":{"line":70,"column":19},"end":{"line":70,"column":66}},"30":{"start":{"line":71,"column":4},"end":{"line":71,"column":70}},"31":{"start":{"line":75,"column":0},"end":{"line":75,"column":24}}},"fnMap":{"0":{"name":"(anonymous_0)","decl":{"start":{"line":9,"column":16},"end":{"line":9,"column":17}},"loc":{"start":{"line":9,"column":30},"end":{"line":16,"column":1}},"line":9},"1":{"name":"(anonymous_1)","decl":{"start":{"line":19,"column":22},"end":{"line":19,"column":23}},"loc":{"start":{"line":19,"column":36},"end":{"line":43,"column":1}},"line":19},"2":{"name":"(anonymous_2)","decl":{"start":{"line":46,"column":17},"end":{"line":46,"column":18}},"loc":{"start":{"line":46,"column":31},"end":{"line":73,"column":1}},"line":46}},"branchMap":{"0":{"loc":{"start":{"line":22,"column":2},"end":{"line":27,"column":3}},"type":"if","locations":[{"start":{"line":22,"column":2},"end":{"line":27,"column":3}},{"start":{},"end":{}}],"line":22},"1":{"loc":{"start":{"line":22,"column":6},"end":{"line":22,"column":33}},"type":"binary-expr","locations":[{"start":{"line":22,"column":6},"end":{"line":22,"column":11}},{"start":{"line":22,"column":15},"end":{"line":22,"column":33}}],"line":22},"2":{"loc":{"start":{"line":32,"column":4},"end":{"line":37,"column":5}},"type":"if","locations":[{"start":{"line":32,"column":4},"end":{"line":37,"column":5}},{"start":{},"end":{}}],"line":32},"3":{"loc":{"start":{"line":49,"column":2},"end":{"line":54,"column":3}},"type":"if","locations":[{"start":{"line":49,"column":2},"end":{"line":54,"column":3}},{"start":{},"end":{}}],"line":49},"4":{"loc":{"start":{"line":49,"column":6},"end":{"line":49,"column":73}},"type":"binary-expr","locations":[{"start":{"line":49,"column":6},"end":{"line":49,"column":24}},{"start":{"line":49,"column":28},"end":{"line":49,"column":47}},{"start":{"line":49,"column":51},"end":{"line":49,"column":73}}],"line":49},"5":{"loc":{"start":{"line":59,"column":2},"end":{"line":64,"column":3}},"type":"if","locations":[{"start":{"line":59,"column":2},"end":{"line":64,"column":3}},{"start":{},"end":{}}],"line":59},"6":{"loc":{"start":{"line":59,"column":6},"end":{"line":59,"column":49}},"type":"binary-expr","locations":[{"start":{"line":59,"column":6},"end":{"line":59,"column":24}},{"start":{"line":59,"column":28},"end":{"line":59,"column":49}}],"line":59},"7":{"loc":{"start":{"line":70,"column":19},"end":{"line":70,"column":66}},"type":"cond-expr","locations":[{"start":{"line":70,"column":57},"end":{"line":70,"column":60}},{"start":{"line":70,"column":63},"end":{"line":70,"column":66}}],"line":70}},"s":{"0":1,"1":1,"2":1,"3":1,"4":1,"5":1,"6":1,"7":0,"8":1,"9":4,"10":4,"11":1,"12":3,"13":3,"14":3,"15":1,"16":2,"17":0,"18":1,"19":3,"20":3,"21":1,"22":2,"23":2,"24":2,"25":0,"26":2,"27":2,"28":1,"29":1,"30":1,"31":1},"f":{"0":1,"1":4,"2":3},"b":{"0":[1,3],"1":[4,3],"2":[1,2],"3":[1,2],"4":[3,3,2],"5":[0,2],"6":[2,2],"7":[1,0]},"_coverageSchema":"1a1c01bbd47fc00a2c39e90264f33305004495a9","hash":"881a373e47234b858536a92abbfa5ae774e71f90"}
,"C:\\Users\\Laptop\\product-search\\src\\productService.js": {"path":"C:\\Users\\Laptop\\product-search\\src\\productService.js","statementMap":{"0":{"start":{"line":3,"column":13},"end":{"line":3,"column":26}},"1":{"start":{"line":4,"column":13},"end":{"line":4,"column":28}},"2":{"start":{"line":7,"column":18},"end":{"line":7,"column":55}},"3":{"start":{"line":11,"column":14},"end":{"line":11,"column":49}},"4":{"start":{"line":12,"column":2},"end":{"line":12,"column":25}},"5":{"start":{"line":17,"column":2},"end":{"line":17,"column":70}},"6":{"start":{"line":22,"column":2},"end":{"line":22,"column":29}},"7":{"start":{"line":27,"column":2},"end":{"line":27,"column":66}},"8":{"start":{"line":27,"column":54},"end":{"line":27,"column":66}},"9":{"start":{"line":28,"column":23},"end":{"line":28,"column":33}},"10":{"start":{"line":29,"column":17},"end":{"line":29,"column":42}},"11":{"start":{"line":30,"column":2},"end":{"line":30,"column":71}},"12":{"start":{"line":30,"column":30},"end":{"line":30,"column":61}},"13":{"start":{"line":35,"column":2},"end":{"line":37,"column":3}},"14":{"start":{"line":36,"column":4},"end":{"line":36,"column":59}},"15":{"start":{"line":38,"column":2},"end":{"line":40,"column":3}},"16":{"start":{"line":39,"column":4},"end":{"line":39,"column":63}},"17":{"start":{"line":41,"column":2},"end":{"line":43,"column":3}},"18":{"start":{"line":42,"column":4},"end":{"line":42,"column":70}},"19":{"start":{"line":45,"column":17},"end":{"line":45,"column":27}},"20":{"start":{"line":46,"column":17},"end":{"line":46,"column":42}},"21":{"start":{"line":47,"column":17},"end":{"line":47,"column":75}},"22":{"start":{"line":47,"column":43},"end":{"line":47,"column":74}},"23":{"start":{"line":49,"column":2},"end":{"line":51,"column":3}},"24":{"start":{"line":50,"column":4},"end":{"line":50,"column":62}},"25":{"start":{"line":53,"column":21},"end":{"line":57,"column":3}},"26":{"start":{"line":59,"column":2},"end":{"line":59,"column":33}},"27":{"start":{"line":60,"column":2},"end":{"line":60,"column":18}},"28":{"start":{"line":61,"column":2},"end":{"line":61,"column":20}},"29":{"start":{"line":64,"column":0},"end":{"line":64,"column":67}}},"fnMap":{"0":{"name":"readData","decl":{"start":{"line":10,"column":9},"end":{"line":10,"column":17}},"loc":{"start":{"line":10,"column":20},"end":{"line":13,"column":1}},"line":10},"1":{"name":"writeData","decl":{"start":{"line":16,"column":9},"end":{"line":16,"column":18}},"loc":{"start":{"line":16,"column":25},"end":{"line":18,"column":1}},"line":16},"2":{"name":"getAllProducts","decl":{"start":{"line":21,"column":9},"end":{"line":21,"column":23}},"loc":{"start":{"line":21,"column":26},"end":{"line":23,"column":1}},"line":21},"3":{"name":"findProductByName","decl":{"start":{"line":26,"column":9},"end":{"line":26,"column":26}},"loc":{"start":{"line":26,"column":33},"end":{"line":31,"column":1}},"line":26},"4":{"name":"(anonymous_4)","decl":{"start":{"line":30,"column":23},"end":{"line":30,"column":24}},"loc":{"start":{"line":30,"column":30},"end":{"line":30,"column":61}},"line":30},"5":{"name":"addProduct","decl":{"start":{"line":34,"column":9},"end":{"line":34,"column":19}},"loc":{"start":{"line":34,"column":43},"end":{"line":62,"column":1}},"line":34},"6":{"name":"(anonymous_6)","decl":{"start":{"line":47,"column":36},"end":{"line":47,"column":37}},"loc":{"start":{"line":47,"column":43},"end":{"line":47,"column":74}},"line":47}},"branchMap":{"0":{"loc":{"start":{"line":27,"column":2},"end":{"line":27,"column":66}},"type":"if","locations":[{"start":{"line":27,"column":2},"end":{"line":27,"column":66}},{"start":{},"end":{}}],"line":27},"1":{"loc":{"start":{"line":27,"column":6},"end":{"line":27,"column":52}},"type":"binary-expr","locations":[{"start":{"line":27,"column":6},"end":{"line":27,"column":30}},{"start":{"line":27,"column":34},"end":{"line":27,"column":52}}],"line":27},"2":{"loc":{"start":{"line":30,"column":9},"end":{"line":30,"column":70}},"type":"binary-expr","locations":[{"start":{"line":30,"column":9},"end":{"line":30,"column":62}},{"start":{"line":30,"column":66},"end":{"line":30,"column":70}}],"line":30},"3":{"loc":{"start":{"line":35,"column":2},"end":{"line":37,"column":3}},"type":"if","locations":[{"start":{"line":35,"column":2},"end":{"line":37,"column":3}},{"start":{},"end":{}}],"line":35},"4":{"loc":{"start":{"line":35,"column":6},"end":{"line":35,"column":52}},"type":"binary-expr","locations":[{"start":{"line":35,"column":6},"end":{"line":35,"column":30}},{"start":{"line":35,"column":34},"end":{"line":35,"column":52}}],"line":35},"5":{"loc":{"start":{"line":38,"column":2},"end":{"line":40,"column":3}},"type":"if","locations":[{"start":{"line":38,"column":2},"end":{"line":40,"column":3}},{"start":{},"end":{}}],"line":38},"6":{"loc":{"start":{"line":38,"column":6},"end":{"line":38,"column":60}},"type":"binary-expr","locations":[{"start":{"line":38,"column":6},"end":{"line":38,"column":31}},{"start":{"line":38,"column":35},"end":{"line":38,"column":47}},{"start":{"line":38,"column":51},"end":{"line":38,"column":60}}],"line":38},"7":{"loc":{"start":{"line":41,"column":2},"end":{"line":43,"column":3}},"type":"if","locations":[{"start":{"line":41,"column":2},"end":{"line":43,"column":3}},{"start":{},"end":{}}],"line":41},"8":{"loc":{"start":{"line":41,"column":6},"end":{"line":41,"column":49}},"type":"binary-expr","locations":[{"start":{"line":41,"column":6},"end":{"line":41,"column":33}},{"start":{"line":41,"column":37},"end":{"line":41,"column":49}}],"line":41},"9":{"loc":{"start":{"line":49,"column":2},"end":{"line":51,"column":3}},"type":"if","locations":[{"start":{"line":49,"column":2},"end":{"line":51,"column":3}},{"start":{},"end":{}}],"line":49}},"s":{"0":2,"1":2,"2":2,"3":15,"4":15,"5":3,"6":2,"7":9,"8":1,"9":8,"10":8,"11":8,"12":21,"13":7,"14":1,"15":6,"16":1,"17":5,"18":0,"19":5,"20":5,"21":5,"22":17,"23":5,"24":2,"25":3,"26":3,"27":3,"28":3,"29":2},"f":{"0":15,"1":3,"2":2,"3":9,"4":21,"5":7,"6":17},"b":{"0":[1,8],"1":[9,9],"2":[8,2],"3":[1,6],"4":[7,7],"5":[1,5],"6":[6,6,6],"7":[0,5],"8":[5,5],"9":[2,3]},"_coverageSchema":"1a1c01bbd47fc00a2c39e90264f33305004495a9","hash":"48c40693a2bae61187c11cdaf137cc97013e958b"}
,"C:\\Users\\Laptop\\product-search\\src\\server.js": {"path":"C:\\Users\\Laptop\\product-search\\src\\server.js","statementMap":{"0":{"start":{"line":3,"column":16},"end":{"line":3,"column":34}},"1":{"start":{"line":4,"column":16},"end":{"line":4,"column":31}},"2":{"start":{"line":5,"column":16},"end":{"line":5,"column":31}},"3":{"start":{"line":7,"column":22},"end":{"line":7,"column":48}},"4":{"start":{"line":9,"column":13},"end":{"line":9,"column":22}},"5":{"start":{"line":10,"column":13},"end":{"line":10,"column":37}},"6":{"start":{"line":13,"column":0},"end":{"line":13,"column":16}},"7":{"start":{"line":16,"column":0},"end":{"line":16,"column":24}},"8":{"start":{"line":19,"column":0},"end":{"line":19,"column":62}},"9":{"start":{"line":22,"column":0},"end":{"line":22,"column":40}},"10":{"start":{"line":25,"column":0},"end":{"line":27,"column":3}},"11":{"start":{"line":26,"column":2},"end":{"line":26,"column":67}},"12":{"start":{"line":30,"column":0},"end":{"line":33,"column":3}},"13":{"start":{"line":31,"column":2},"end":{"line":31,"column":45}},"14":{"start":{"line":32,"column":2},"end":{"line":32,"column":81}},"15":{"start":{"line":36,"column":0},"end":{"line":40,"column":1}},"16":{"start":{"line":37,"column":2},"end":{"line":39,"column":5}},"17":{"start":{"line":38,"column":4},"end":{"line":38,"column":64}},"18":{"start":{"line":42,"column":0},"end":{"line":42,"column":21}}},"fnMap":{"0":{"name":"(anonymous_0)","decl":{"start":{"line":25,"column":13},"end":{"line":25,"column":14}},"loc":{"start":{"line":25,"column":27},"end":{"line":27,"column":1}},"line":25},"1":{"name":"(anonymous_1)","decl":{"start":{"line":30,"column":8},"end":{"line":30,"column":9}},"loc":{"start":{"line":30,"column":33},"end":{"line":33,"column":1}},"line":30},"2":{"name":"(anonymous_2)","decl":{"start":{"line":37,"column":19},"end":{"line":37,"column":20}},"loc":{"start":{"line":37,"column":25},"end":{"line":39,"column":3}},"line":37}},"branchMap":{"0":{"loc":{"start":{"line":10,"column":13},"end":{"line":10,"column":37}},"type":"binary-expr","locations":[{"start":{"line":10,"column":13},"end":{"line":10,"column":29}},{"start":{"line":10,"column":33},"end":{"line":10,"column":37}}],"line":10},"1":{"loc":{"start":{"line":36,"column":0},"end":{"line":40,"column":1}},"type":"if","locations":[{"start":{"line":36,"column":0},"end":{"line":40,"column":1}},{"start":{},"end":{}}],"line":36}},"s":{"0":1,"1":1,"2":1,"3":1,"4":1,"5":1,"6":1,"7":1,"8":1,"9":1,"10":1,"11":0,"12":1,"13":0,"14":0,"15":1,"16":0,"17":0,"18":1},"f":{"0":0,"1":0,"2":0},"b":{"0":[1,1],"1":[0,1]},"_coverageSchema":"1a1c01bbd47fc00a2c39e90264f33305004495a9","hash":"6dee13605fc70eda2a4207c3d4c2e9ecb8401b35"}
}
