TN:
SF:src\productRoutes.js
FN:9,(anonymous_0)
FN:19,(anonymous_1)
FN:46,(anonymous_2)
FNF:3
FNH:3
FNDA:1,(anonymous_0)
FNDA:4,(anonymous_1)
FNDA:3,(anonymous_2)
DA:3,1
DA:4,1
DA:6,1
DA:9,1
DA:10,1
DA:11,1
DA:12,1
DA:14,0
DA:19,1
DA:20,4
DA:22,4
DA:23,1
DA:29,3
DA:30,3
DA:32,3
DA:33,1
DA:39,2
DA:41,0
DA:46,1
DA:47,3
DA:49,3
DA:50,1
DA:56,2
DA:57,2
DA:59,2
DA:60,0
DA:66,2
DA:67,2
DA:68,1
DA:70,1
DA:71,1
DA:75,1
LF:32
LH:29
BRDA:22,0,0,1
BRDA:22,0,1,3
BRDA:22,1,0,4
BRDA:22,1,1,3
BRDA:32,2,0,1
BRDA:32,2,1,2
BRDA:49,3,0,1
BRDA:49,3,1,2
BRDA:49,4,0,3
BRDA:49,4,1,3
BRDA:49,4,2,2
BRDA:59,5,0,0
BRDA:59,5,1,2
BRDA:59,6,0,2
BRDA:59,6,1,2
BRDA:70,7,0,1
BRDA:70,7,1,0
BRF:17
BRH:15
end_of_record
TN:
SF:src\productService.js
FN:10,readData
FN:16,writeData
FN:21,getAllProducts
FN:26,findProductByName
FN:30,(anonymous_4)
FN:34,addProduct
FN:47,(anonymous_6)
FNF:7
FNH:7
FNDA:15,readData
FNDA:3,writeData
FNDA:2,getAllProducts
FNDA:9,findProductByName
FNDA:21,(anonymous_4)
FNDA:7,addProduct
FNDA:17,(anonymous_6)
DA:3,2
DA:4,2
DA:7,2
DA:11,15
DA:12,15
DA:17,3
DA:22,2
DA:27,9
DA:28,8
DA:29,8
DA:30,21
DA:35,7
DA:36,1
DA:38,6
DA:39,1
DA:41,5
DA:42,0
DA:45,5
DA:46,5
DA:47,17
DA:49,5
DA:50,2
DA:53,3
DA:59,3
DA:60,3
DA:61,3
DA:64,2
LF:27
LH:26
BRDA:27,0,0,1
BRDA:27,0,1,8
BRDA:27,1,0,9
BRDA:27,1,1,9
BRDA:30,2,0,8
BRDA:30,2,1,2
BRDA:35,3,0,1
BRDA:35,3,1,6
BRDA:35,4,0,7
BRDA:35,4,1,7
BRDA:38,5,0,1
BRDA:38,5,1,5
BRDA:38,6,0,6
BRDA:38,6,1,6
BRDA:38,6,2,6
BRDA:41,7,0,0
BRDA:41,7,1,5
BRDA:41,8,0,5
BRDA:41,8,1,5
BRDA:49,9,0,2
BRDA:49,9,1,3
BRF:21
BRH:20
end_of_record
TN:
SF:src\server.js
FN:25,(anonymous_0)
FN:30,(anonymous_1)
FN:37,(anonymous_2)
FNF:3
FNH:0
FNDA:0,(anonymous_0)
FNDA:0,(anonymous_1)
FNDA:0,(anonymous_2)
DA:3,1
DA:4,1
DA:5,1
DA:7,1
DA:9,1
DA:10,1
DA:13,1
DA:16,1
DA:19,1
DA:22,1
DA:25,1
DA:26,0
DA:30,1
DA:31,0
DA:32,0
DA:36,1
DA:37,0
DA:38,0
DA:42,1
LF:19
LH:14
BRDA:10,0,0,1
BRDA:10,0,1,1
BRDA:36,1,0,0
BRDA:36,1,1,1
BRF:4
BRH:3
end_of_record
